[18-May-2024 16:57:44 UTC] PHP Warning:  Undefined variable $currentFY in /var/www/html/sec_C/sec_C.php on line 332
[18-May-2024 16:57:44 UTC] PHP Warning:  Undefined variable $previousFY in /var/www/html/sec_C/sec_C.php on line 333
[18-May-2024 16:57:44 UTC] PHP Warning:  Undefined variable $currentFY in /var/www/html/sec_C/sec_C.php on line 375
[18-May-2024 16:57:44 UTC] PHP Warning:  Undefined variable $previousFY in /var/www/html/sec_C/sec_C.php on line 376
[18-May-2024 16:57:44 UTC] PHP Warning:  Undefined variable $currentFY in /var/www/html/sec_C/sec_C.php on line 539
[18-May-2024 16:57:44 UTC] PHP Warning:  Undefined variable $previousFY in /var/www/html/sec_C/sec_C.php on line 540
[18-May-2024 16:57:44 UTC] PHP Warning:  Undefined variable $currentFY in /var/www/html/sec_C/sec_C.php on line 764
[18-May-2024 16:57:44 UTC] PHP Warning:  Undefined variable $previousFY in /var/www/html/sec_C/sec_C.php on line 765
[18-May-2024 16:57:44 UTC] PHP Warning:  Undefined variable $currentFY in /var/www/html/sec_C/sec_C.php on line 803
[18-May-2024 16:57:44 UTC] PHP Warning:  Undefined variable $previousFY in /var/www/html/sec_C/sec_C.php on line 804
[18-May-2024 16:57:44 UTC] PHP Warning:  Undefined variable $currentFY in /var/www/html/sec_C/sec_C.php on line 1209
[18-May-2024 16:57:44 UTC] PHP Warning:  Undefined variable $previousFY in /var/www/html/sec_C/sec_C.php on line 1210
[18-May-2024 16:57:44 UTC] PHP Warning:  Undefined variable $currentFY in /var/www/html/sec_C/sec_C.php on line 1305
[18-May-2024 16:57:44 UTC] PHP Warning:  Undefined variable $currentFY in /var/www/html/sec_C/sec_C.php on line 1306
[18-May-2024 16:57:44 UTC] PHP Warning:  Undefined variable $currentFY in /var/www/html/sec_C/sec_C.php on line 1394
[18-May-2024 16:57:44 UTC] PHP Warning:  Undefined variable $previousFY in /var/www/html/sec_C/sec_C.php on line 1395
[18-May-2024 16:57:44 UTC] PHP Warning:  Undefined variable $currentFY in /var/www/html/sec_C/sec_C.php on line 1479
[18-May-2024 16:57:44 UTC] PHP Warning:  Undefined variable $previousFY in /var/www/html/sec_C/sec_C.php on line 1480
[18-May-2024 16:57:44 UTC] PHP Warning:  Undefined variable $currentFY in /var/www/html/sec_C/sec_C.php on line 1605
[18-May-2024 16:57:44 UTC] PHP Warning:  Undefined variable $previousFY in /var/www/html/sec_C/sec_C.php on line 1606
[18-May-2024 16:57:44 UTC] PHP Warning:  Undefined variable $currentFY in /var/www/html/sec_C/sec_C.php on line 1744
[18-May-2024 16:57:44 UTC] PHP Warning:  Undefined variable $previousFY in /var/www/html/sec_C/sec_C.php on line 1745
[18-May-2024 16:57:44 UTC] PHP Warning:  Undefined variable $currentFY in /var/www/html/sec_C/sec_C.php on line 1822
[18-May-2024 16:57:44 UTC] PHP Warning:  Undefined variable $previousFY in /var/www/html/sec_C/sec_C.php on line 1823
[18-May-2024 16:57:44 UTC] PHP Warning:  Undefined variable $currentFY in /var/www/html/sec_C/sec_C.php on line 1959
[18-May-2024 16:57:44 UTC] PHP Warning:  Undefined variable $previousFY in /var/www/html/sec_C/sec_C.php on line 1960
[18-May-2024 16:57:44 UTC] PHP Warning:  Undefined variable $currentFY in /var/www/html/sec_C/sec_C.php on line 1961
[18-May-2024 16:57:44 UTC] PHP Warning:  Undefined variable $previousFY in /var/www/html/sec_C/sec_C.php on line 1962
[18-May-2024 16:57:44 UTC] PHP Warning:  Undefined variable $currentFY in /var/www/html/sec_C/sec_C.php on line 2216
[18-May-2024 16:57:44 UTC] PHP Warning:  Undefined variable $previousFY in /var/www/html/sec_C/sec_C.php on line 2217
[18-May-2024 16:57:44 UTC] PHP Warning:  Undefined variable $currentFY in /var/www/html/sec_C/sec_C.php on line 2307
[18-May-2024 16:57:44 UTC] PHP Warning:  Undefined variable $previousFY in /var/www/html/sec_C/sec_C.php on line 2308
[18-May-2024 16:57:44 UTC] PHP Warning:  Undefined variable $currentFY in /var/www/html/sec_C/sec_C.php on line 2608
[18-May-2024 16:57:44 UTC] PHP Warning:  Undefined variable $previousFY in /var/www/html/sec_C/sec_C.php on line 2609
[18-May-2024 16:57:44 UTC] PHP Warning:  Undefined variable $currentFY in /var/www/html/sec_C/sec_C.php on line 2932
[18-May-2024 16:57:44 UTC] PHP Warning:  Undefined variable $previousFY in /var/www/html/sec_C/sec_C.php on line 2933
[18-May-2024 16:57:44 UTC] PHP Warning:  Undefined variable $currentFY in /var/www/html/sec_C/sec_C.php on line 3033
[18-May-2024 16:57:44 UTC] PHP Warning:  Undefined variable $previousFY in /var/www/html/sec_C/sec_C.php on line 3034
[18-May-2024 16:57:44 UTC] PHP Warning:  Undefined variable $currentFY in /var/www/html/sec_C/sec_C.php on line 3153
[18-May-2024 16:57:44 UTC] PHP Warning:  Undefined variable $previousFY in /var/www/html/sec_C/sec_C.php on line 3154
[18-May-2024 16:57:44 UTC] PHP Warning:  Undefined variable $currentFY in /var/www/html/sec_C/sec_C.php on line 3250
[18-May-2024 16:57:44 UTC] PHP Warning:  Undefined variable $previousFY in /var/www/html/sec_C/sec_C.php on line 3251
[18-May-2024 16:57:44 UTC] PHP Warning:  Undefined variable $currentFY in /var/www/html/sec_C/sec_C.php on line 3370
[18-May-2024 16:57:44 UTC] PHP Warning:  Undefined variable $previousFY in /var/www/html/sec_C/sec_C.php on line 3371
[18-May-2024 16:57:44 UTC] PHP Warning:  Undefined variable $currentFY in /var/www/html/sec_C/sec_C.php on line 3673
[18-May-2024 16:57:44 UTC] PHP Warning:  Undefined variable $previousFY in /var/www/html/sec_C/sec_C.php on line 3674
[18-May-2024 16:57:44 UTC] PHP Warning:  Undefined variable $currentFY in /var/www/html/sec_C/sec_C.php on line 3766
[18-May-2024 16:57:44 UTC] PHP Warning:  Undefined variable $previousFY in /var/www/html/sec_C/sec_C.php on line 3767
[18-May-2024 16:57:44 UTC] PHP Warning:  Undefined variable $currentFY in /var/www/html/sec_C/sec_C.php on line 3928
[18-May-2024 16:57:44 UTC] PHP Warning:  Undefined variable $previousFY in /var/www/html/sec_C/sec_C.php on line 3929
[18-May-2024 16:57:44 UTC] PHP Warning:  Undefined variable $currentFY in /var/www/html/sec_C/sec_C.php on line 4124
[18-May-2024 16:57:44 UTC] PHP Warning:  Undefined variable $previousFY in /var/www/html/sec_C/sec_C.php on line 4125
[18-May-2024 16:57:44 UTC] PHP Warning:  Undefined variable $currentFY in /var/www/html/sec_C/sec_C.php on line 4637
[18-May-2024 16:57:44 UTC] PHP Warning:  Undefined variable $previousFY in /var/www/html/sec_C/sec_C.php on line 4638
[18-May-2024 16:57:44 UTC] PHP Warning:  Undefined variable $currentFY in /var/www/html/sec_C/sec_C.php on line 5007
[18-May-2024 16:57:44 UTC] PHP Warning:  Undefined variable $previousFY in /var/www/html/sec_C/sec_C.php on line 5009
[18-May-2024 16:57:54 UTC] PHP Warning:  Undefined variable $currentFY in /var/www/html/sec_C/sec_C.php on line 332
[18-May-2024 16:57:54 UTC] PHP Warning:  Undefined variable $previousFY in /var/www/html/sec_C/sec_C.php on line 333
[18-May-2024 16:57:54 UTC] PHP Warning:  Undefined variable $currentFY in /var/www/html/sec_C/sec_C.php on line 375
[18-May-2024 16:57:54 UTC] PHP Warning:  Undefined variable $previousFY in /var/www/html/sec_C/sec_C.php on line 376
[18-May-2024 16:57:54 UTC] PHP Warning:  Undefined variable $currentFY in /var/www/html/sec_C/sec_C.php on line 539
[18-May-2024 16:57:54 UTC] PHP Warning:  Undefined variable $previousFY in /var/www/html/sec_C/sec_C.php on line 540
[18-May-2024 16:57:54 UTC] PHP Warning:  Undefined variable $currentFY in /var/www/html/sec_C/sec_C.php on line 764
[18-May-2024 16:57:54 UTC] PHP Warning:  Undefined variable $previousFY in /var/www/html/sec_C/sec_C.php on line 765
[18-May-2024 16:57:54 UTC] PHP Warning:  Undefined variable $currentFY in /var/www/html/sec_C/sec_C.php on line 803
[18-May-2024 16:57:54 UTC] PHP Warning:  Undefined variable $previousFY in /var/www/html/sec_C/sec_C.php on line 804
[18-May-2024 16:57:54 UTC] PHP Warning:  Undefined variable $currentFY in /var/www/html/sec_C/sec_C.php on line 1209
[18-May-2024 16:57:54 UTC] PHP Warning:  Undefined variable $previousFY in /var/www/html/sec_C/sec_C.php on line 1210
[18-May-2024 16:57:54 UTC] PHP Warning:  Undefined variable $currentFY in /var/www/html/sec_C/sec_C.php on line 1305
[18-May-2024 16:57:54 UTC] PHP Warning:  Undefined variable $currentFY in /var/www/html/sec_C/sec_C.php on line 1306
[18-May-2024 16:57:54 UTC] PHP Warning:  Undefined variable $currentFY in /var/www/html/sec_C/sec_C.php on line 1394
[18-May-2024 16:57:54 UTC] PHP Warning:  Undefined variable $previousFY in /var/www/html/sec_C/sec_C.php on line 1395
[18-May-2024 16:57:54 UTC] PHP Warning:  Undefined variable $currentFY in /var/www/html/sec_C/sec_C.php on line 1479
[18-May-2024 16:57:54 UTC] PHP Warning:  Undefined variable $previousFY in /var/www/html/sec_C/sec_C.php on line 1480
[18-May-2024 16:57:54 UTC] PHP Warning:  Undefined variable $currentFY in /var/www/html/sec_C/sec_C.php on line 1605
[18-May-2024 16:57:54 UTC] PHP Warning:  Undefined variable $previousFY in /var/www/html/sec_C/sec_C.php on line 1606
[18-May-2024 16:57:54 UTC] PHP Warning:  Undefined variable $currentFY in /var/www/html/sec_C/sec_C.php on line 1744
[18-May-2024 16:57:54 UTC] PHP Warning:  Undefined variable $previousFY in /var/www/html/sec_C/sec_C.php on line 1745
[18-May-2024 16:57:54 UTC] PHP Warning:  Undefined variable $currentFY in /var/www/html/sec_C/sec_C.php on line 1822
[18-May-2024 16:57:54 UTC] PHP Warning:  Undefined variable $previousFY in /var/www/html/sec_C/sec_C.php on line 1823
[18-May-2024 16:57:54 UTC] PHP Warning:  Undefined variable $currentFY in /var/www/html/sec_C/sec_C.php on line 1959
[18-May-2024 16:57:54 UTC] PHP Warning:  Undefined variable $previousFY in /var/www/html/sec_C/sec_C.php on line 1960
[18-May-2024 16:57:54 UTC] PHP Warning:  Undefined variable $currentFY in /var/www/html/sec_C/sec_C.php on line 1961
[18-May-2024 16:57:54 UTC] PHP Warning:  Undefined variable $previousFY in /var/www/html/sec_C/sec_C.php on line 1962
[18-May-2024 16:57:54 UTC] PHP Warning:  Undefined variable $currentFY in /var/www/html/sec_C/sec_C.php on line 2216
[18-May-2024 16:57:54 UTC] PHP Warning:  Undefined variable $previousFY in /var/www/html/sec_C/sec_C.php on line 2217
[18-May-2024 16:57:54 UTC] PHP Warning:  Undefined variable $currentFY in /var/www/html/sec_C/sec_C.php on line 2307
[18-May-2024 16:57:54 UTC] PHP Warning:  Undefined variable $previousFY in /var/www/html/sec_C/sec_C.php on line 2308
[18-May-2024 16:57:54 UTC] PHP Warning:  Undefined variable $currentFY in /var/www/html/sec_C/sec_C.php on line 2608
[18-May-2024 16:57:54 UTC] PHP Warning:  Undefined variable $previousFY in /var/www/html/sec_C/sec_C.php on line 2609
[18-May-2024 16:57:54 UTC] PHP Warning:  Undefined variable $currentFY in /var/www/html/sec_C/sec_C.php on line 2932
[18-May-2024 16:57:54 UTC] PHP Warning:  Undefined variable $previousFY in /var/www/html/sec_C/sec_C.php on line 2933
[18-May-2024 16:57:54 UTC] PHP Warning:  Undefined variable $currentFY in /var/www/html/sec_C/sec_C.php on line 3033
[18-May-2024 16:57:54 UTC] PHP Warning:  Undefined variable $previousFY in /var/www/html/sec_C/sec_C.php on line 3034
[18-May-2024 16:57:54 UTC] PHP Warning:  Undefined variable $currentFY in /var/www/html/sec_C/sec_C.php on line 3153
[18-May-2024 16:57:54 UTC] PHP Warning:  Undefined variable $previousFY in /var/www/html/sec_C/sec_C.php on line 3154
[18-May-2024 16:57:54 UTC] PHP Warning:  Undefined variable $currentFY in /var/www/html/sec_C/sec_C.php on line 3250
[18-May-2024 16:57:54 UTC] PHP Warning:  Undefined variable $previousFY in /var/www/html/sec_C/sec_C.php on line 3251
[18-May-2024 16:57:54 UTC] PHP Warning:  Undefined variable $currentFY in /var/www/html/sec_C/sec_C.php on line 3370
[18-May-2024 16:57:54 UTC] PHP Warning:  Undefined variable $previousFY in /var/www/html/sec_C/sec_C.php on line 3371
[18-May-2024 16:57:54 UTC] PHP Warning:  Undefined variable $currentFY in /var/www/html/sec_C/sec_C.php on line 3673
[18-May-2024 16:57:54 UTC] PHP Warning:  Undefined variable $previousFY in /var/www/html/sec_C/sec_C.php on line 3674
[18-May-2024 16:57:54 UTC] PHP Warning:  Undefined variable $currentFY in /var/www/html/sec_C/sec_C.php on line 3766
[18-May-2024 16:57:54 UTC] PHP Warning:  Undefined variable $previousFY in /var/www/html/sec_C/sec_C.php on line 3767
[18-May-2024 16:57:54 UTC] PHP Warning:  Undefined variable $currentFY in /var/www/html/sec_C/sec_C.php on line 3928
[18-May-2024 16:57:54 UTC] PHP Warning:  Undefined variable $previousFY in /var/www/html/sec_C/sec_C.php on line 3929
[18-May-2024 16:57:54 UTC] PHP Warning:  Undefined variable $currentFY in /var/www/html/sec_C/sec_C.php on line 4124
[18-May-2024 16:57:54 UTC] PHP Warning:  Undefined variable $previousFY in /var/www/html/sec_C/sec_C.php on line 4125
[18-May-2024 16:57:54 UTC] PHP Warning:  Undefined variable $currentFY in /var/www/html/sec_C/sec_C.php on line 4637
[18-May-2024 16:57:54 UTC] PHP Warning:  Undefined variable $previousFY in /var/www/html/sec_C/sec_C.php on line 4638
[18-May-2024 16:57:54 UTC] PHP Warning:  Undefined variable $currentFY in /var/www/html/sec_C/sec_C.php on line 5007
[18-May-2024 16:57:54 UTC] PHP Warning:  Undefined variable $previousFY in /var/www/html/sec_C/sec_C.php on line 5009
[18-May-2024 17:00:54 UTC] PHP Warning:  Undefined variable $currentFY in /var/www/html/sec_C/sec_C.php on line 332
[18-May-2024 17:00:54 UTC] PHP Warning:  Undefined variable $previousFY in /var/www/html/sec_C/sec_C.php on line 333
[18-May-2024 17:00:54 UTC] PHP Warning:  Undefined variable $currentFY in /var/www/html/sec_C/sec_C.php on line 375
[18-May-2024 17:00:54 UTC] PHP Warning:  Undefined variable $previousFY in /var/www/html/sec_C/sec_C.php on line 376
[18-May-2024 17:00:54 UTC] PHP Warning:  Undefined variable $currentFY in /var/www/html/sec_C/sec_C.php on line 539
[18-May-2024 17:00:54 UTC] PHP Warning:  Undefined variable $previousFY in /var/www/html/sec_C/sec_C.php on line 540
[18-May-2024 17:00:54 UTC] PHP Warning:  Undefined variable $currentFY in /var/www/html/sec_C/sec_C.php on line 764
[18-May-2024 17:00:54 UTC] PHP Warning:  Undefined variable $previousFY in /var/www/html/sec_C/sec_C.php on line 765
[18-May-2024 17:00:54 UTC] PHP Warning:  Undefined variable $currentFY in /var/www/html/sec_C/sec_C.php on line 803
[18-May-2024 17:00:54 UTC] PHP Warning:  Undefined variable $previousFY in /var/www/html/sec_C/sec_C.php on line 804
[18-May-2024 17:00:54 UTC] PHP Warning:  Undefined variable $currentFY in /var/www/html/sec_C/sec_C.php on line 1209
[18-May-2024 17:00:54 UTC] PHP Warning:  Undefined variable $previousFY in /var/www/html/sec_C/sec_C.php on line 1210
[18-May-2024 17:00:54 UTC] PHP Warning:  Undefined variable $currentFY in /var/www/html/sec_C/sec_C.php on line 1305
[18-May-2024 17:00:54 UTC] PHP Warning:  Undefined variable $currentFY in /var/www/html/sec_C/sec_C.php on line 1306
[18-May-2024 17:00:54 UTC] PHP Warning:  Undefined variable $currentFY in /var/www/html/sec_C/sec_C.php on line 1394
[18-May-2024 17:00:54 UTC] PHP Warning:  Undefined variable $previousFY in /var/www/html/sec_C/sec_C.php on line 1395
[18-May-2024 17:00:54 UTC] PHP Warning:  Undefined variable $currentFY in /var/www/html/sec_C/sec_C.php on line 1479
[18-May-2024 17:00:54 UTC] PHP Warning:  Undefined variable $previousFY in /var/www/html/sec_C/sec_C.php on line 1480
[18-May-2024 17:00:54 UTC] PHP Warning:  Undefined variable $currentFY in /var/www/html/sec_C/sec_C.php on line 1605
[18-May-2024 17:00:54 UTC] PHP Warning:  Undefined variable $previousFY in /var/www/html/sec_C/sec_C.php on line 1606
[18-May-2024 17:00:54 UTC] PHP Warning:  Undefined variable $currentFY in /var/www/html/sec_C/sec_C.php on line 1744
[18-May-2024 17:00:54 UTC] PHP Warning:  Undefined variable $previousFY in /var/www/html/sec_C/sec_C.php on line 1745
[18-May-2024 17:00:54 UTC] PHP Warning:  Undefined variable $currentFY in /var/www/html/sec_C/sec_C.php on line 1822
[18-May-2024 17:00:54 UTC] PHP Warning:  Undefined variable $previousFY in /var/www/html/sec_C/sec_C.php on line 1823
[18-May-2024 17:00:54 UTC] PHP Warning:  Undefined variable $currentFY in /var/www/html/sec_C/sec_C.php on line 1959
[18-May-2024 17:00:54 UTC] PHP Warning:  Undefined variable $previousFY in /var/www/html/sec_C/sec_C.php on line 1960
[18-May-2024 17:00:54 UTC] PHP Warning:  Undefined variable $currentFY in /var/www/html/sec_C/sec_C.php on line 1961
[18-May-2024 17:00:54 UTC] PHP Warning:  Undefined variable $previousFY in /var/www/html/sec_C/sec_C.php on line 1962
[18-May-2024 17:00:54 UTC] PHP Warning:  Undefined variable $currentFY in /var/www/html/sec_C/sec_C.php on line 2216
[18-May-2024 17:00:54 UTC] PHP Warning:  Undefined variable $previousFY in /var/www/html/sec_C/sec_C.php on line 2217
[18-May-2024 17:00:54 UTC] PHP Warning:  Undefined variable $currentFY in /var/www/html/sec_C/sec_C.php on line 2307
[18-May-2024 17:00:54 UTC] PHP Warning:  Undefined variable $previousFY in /var/www/html/sec_C/sec_C.php on line 2308
[18-May-2024 17:00:54 UTC] PHP Warning:  Undefined variable $currentFY in /var/www/html/sec_C/sec_C.php on line 2608
[18-May-2024 17:00:54 UTC] PHP Warning:  Undefined variable $previousFY in /var/www/html/sec_C/sec_C.php on line 2609
[18-May-2024 17:00:54 UTC] PHP Warning:  Undefined variable $currentFY in /var/www/html/sec_C/sec_C.php on line 2932
[18-May-2024 17:00:54 UTC] PHP Warning:  Undefined variable $previousFY in /var/www/html/sec_C/sec_C.php on line 2933
[18-May-2024 17:00:54 UTC] PHP Warning:  Undefined variable $currentFY in /var/www/html/sec_C/sec_C.php on line 3033
[18-May-2024 17:00:54 UTC] PHP Warning:  Undefined variable $previousFY in /var/www/html/sec_C/sec_C.php on line 3034
[18-May-2024 17:00:54 UTC] PHP Warning:  Undefined variable $currentFY in /var/www/html/sec_C/sec_C.php on line 3153
[18-May-2024 17:00:54 UTC] PHP Warning:  Undefined variable $previousFY in /var/www/html/sec_C/sec_C.php on line 3154
[18-May-2024 17:00:54 UTC] PHP Warning:  Undefined variable $currentFY in /var/www/html/sec_C/sec_C.php on line 3250
[18-May-2024 17:00:54 UTC] PHP Warning:  Undefined variable $previousFY in /var/www/html/sec_C/sec_C.php on line 3251
[18-May-2024 17:00:54 UTC] PHP Warning:  Undefined variable $currentFY in /var/www/html/sec_C/sec_C.php on line 3370
[18-May-2024 17:00:54 UTC] PHP Warning:  Undefined variable $previousFY in /var/www/html/sec_C/sec_C.php on line 3371
[18-May-2024 17:00:54 UTC] PHP Warning:  Undefined variable $currentFY in /var/www/html/sec_C/sec_C.php on line 3673
[18-May-2024 17:00:54 UTC] PHP Warning:  Undefined variable $previousFY in /var/www/html/sec_C/sec_C.php on line 3674
[18-May-2024 17:00:54 UTC] PHP Warning:  Undefined variable $currentFY in /var/www/html/sec_C/sec_C.php on line 3766
[18-May-2024 17:00:54 UTC] PHP Warning:  Undefined variable $previousFY in /var/www/html/sec_C/sec_C.php on line 3767
[18-May-2024 17:00:54 UTC] PHP Warning:  Undefined variable $currentFY in /var/www/html/sec_C/sec_C.php on line 3928
[18-May-2024 17:00:54 UTC] PHP Warning:  Undefined variable $previousFY in /var/www/html/sec_C/sec_C.php on line 3929
[18-May-2024 17:00:54 UTC] PHP Warning:  Undefined variable $currentFY in /var/www/html/sec_C/sec_C.php on line 4124
[18-May-2024 17:00:54 UTC] PHP Warning:  Undefined variable $previousFY in /var/www/html/sec_C/sec_C.php on line 4125
[18-May-2024 17:00:54 UTC] PHP Warning:  Undefined variable $currentFY in /var/www/html/sec_C/sec_C.php on line 4637
[18-May-2024 17:00:54 UTC] PHP Warning:  Undefined variable $previousFY in /var/www/html/sec_C/sec_C.php on line 4638
[18-May-2024 17:00:54 UTC] PHP Warning:  Undefined variable $currentFY in /var/www/html/sec_C/sec_C.php on line 5007
[18-May-2024 17:00:54 UTC] PHP Warning:  Undefined variable $previousFY in /var/www/html/sec_C/sec_C.php on line 5009
[18-May-2024 17:01:44 UTC] PHP Warning:  Undefined array key "p_waterstress_comments" in /var/www/html/sec_C/sec_C_response.php on line 269
[18-May-2024 17:01:44 UTC] PHP Warning:  Undefined array key "waterstressAgency" in /var/www/html/sec_C/sec_C_response.php on line 270
[18-May-2024 17:01:44 UTC] PHP Warning:  Undefined array key "waterstressAgencyName" in /var/www/html/sec_C/sec_C_response.php on line 271
[18-May-2024 17:01:44 UTC] PHP Warning:  Undefined array key "totalscope" in /var/www/html/sec_C/sec_C_response.php on line 273
[18-May-2024 17:01:44 UTC] PHP Fatal error:  Uncaught TypeError: implode(): Argument #1 ($pieces) must be of type array, string given in /var/www/html/sec_C/sec_C_response.php:273
Stack trace:
#0 /var/www/html/sec_C/sec_C_response.php(273): implode()
#1 {main}
  thrown in /var/www/html/sec_C/sec_C_response.php on line 273
[18-May-2024 17:08:26 UTC] PHP Warning:  Undefined variable $currentFY in /var/www/html/sec_C/sec_C.php on line 332
[18-May-2024 17:08:26 UTC] PHP Warning:  Undefined variable $previousFY in /var/www/html/sec_C/sec_C.php on line 333
[18-May-2024 17:08:26 UTC] PHP Warning:  Undefined variable $currentFY in /var/www/html/sec_C/sec_C.php on line 375
[18-May-2024 17:08:26 UTC] PHP Warning:  Undefined variable $previousFY in /var/www/html/sec_C/sec_C.php on line 376
[18-May-2024 17:08:26 UTC] PHP Warning:  Undefined variable $currentFY in /var/www/html/sec_C/sec_C.php on line 539
[18-May-2024 17:08:26 UTC] PHP Warning:  Undefined variable $previousFY in /var/www/html/sec_C/sec_C.php on line 540
[18-May-2024 17:08:26 UTC] PHP Warning:  Undefined variable $currentFY in /var/www/html/sec_C/sec_C.php on line 764
[18-May-2024 17:08:26 UTC] PHP Warning:  Undefined variable $previousFY in /var/www/html/sec_C/sec_C.php on line 765
[18-May-2024 17:08:26 UTC] PHP Warning:  Undefined variable $currentFY in /var/www/html/sec_C/sec_C.php on line 803
[18-May-2024 17:08:26 UTC] PHP Warning:  Undefined variable $previousFY in /var/www/html/sec_C/sec_C.php on line 804
[18-May-2024 17:08:26 UTC] PHP Warning:  Undefined variable $currentFY in /var/www/html/sec_C/sec_C.php on line 1209
[18-May-2024 17:08:26 UTC] PHP Warning:  Undefined variable $previousFY in /var/www/html/sec_C/sec_C.php on line 1210
[18-May-2024 17:08:26 UTC] PHP Warning:  Undefined variable $currentFY in /var/www/html/sec_C/sec_C.php on line 1305
[18-May-2024 17:08:26 UTC] PHP Warning:  Undefined variable $currentFY in /var/www/html/sec_C/sec_C.php on line 1306
[18-May-2024 17:08:26 UTC] PHP Warning:  Undefined variable $currentFY in /var/www/html/sec_C/sec_C.php on line 1394
[18-May-2024 17:08:26 UTC] PHP Warning:  Undefined variable $previousFY in /var/www/html/sec_C/sec_C.php on line 1395
[18-May-2024 17:08:26 UTC] PHP Warning:  Undefined variable $currentFY in /var/www/html/sec_C/sec_C.php on line 1479
[18-May-2024 17:08:26 UTC] PHP Warning:  Undefined variable $previousFY in /var/www/html/sec_C/sec_C.php on line 1480
[18-May-2024 17:08:26 UTC] PHP Warning:  Undefined variable $currentFY in /var/www/html/sec_C/sec_C.php on line 1605
[18-May-2024 17:08:26 UTC] PHP Warning:  Undefined variable $previousFY in /var/www/html/sec_C/sec_C.php on line 1606
[18-May-2024 17:08:26 UTC] PHP Warning:  Undefined variable $currentFY in /var/www/html/sec_C/sec_C.php on line 1744
[18-May-2024 17:08:26 UTC] PHP Warning:  Undefined variable $previousFY in /var/www/html/sec_C/sec_C.php on line 1745
[18-May-2024 17:08:26 UTC] PHP Warning:  Undefined variable $currentFY in /var/www/html/sec_C/sec_C.php on line 1822
[18-May-2024 17:08:26 UTC] PHP Warning:  Undefined variable $previousFY in /var/www/html/sec_C/sec_C.php on line 1823
[18-May-2024 17:08:26 UTC] PHP Warning:  Undefined variable $currentFY in /var/www/html/sec_C/sec_C.php on line 1959
[18-May-2024 17:08:26 UTC] PHP Warning:  Undefined variable $previousFY in /var/www/html/sec_C/sec_C.php on line 1960
[18-May-2024 17:08:26 UTC] PHP Warning:  Undefined variable $currentFY in /var/www/html/sec_C/sec_C.php on line 1961
[18-May-2024 17:08:26 UTC] PHP Warning:  Undefined variable $previousFY in /var/www/html/sec_C/sec_C.php on line 1962
[18-May-2024 17:08:26 UTC] PHP Warning:  Undefined variable $currentFY in /var/www/html/sec_C/sec_C.php on line 2216
[18-May-2024 17:08:26 UTC] PHP Warning:  Undefined variable $previousFY in /var/www/html/sec_C/sec_C.php on line 2217
[18-May-2024 17:08:26 UTC] PHP Warning:  Undefined variable $currentFY in /var/www/html/sec_C/sec_C.php on line 2307
[18-May-2024 17:08:26 UTC] PHP Warning:  Undefined variable $previousFY in /var/www/html/sec_C/sec_C.php on line 2308
[18-May-2024 17:08:26 UTC] PHP Warning:  Undefined variable $currentFY in /var/www/html/sec_C/sec_C.php on line 2608
[18-May-2024 17:08:26 UTC] PHP Warning:  Undefined variable $previousFY in /var/www/html/sec_C/sec_C.php on line 2609
[18-May-2024 17:08:26 UTC] PHP Warning:  Undefined variable $currentFY in /var/www/html/sec_C/sec_C.php on line 2932
[18-May-2024 17:08:26 UTC] PHP Warning:  Undefined variable $previousFY in /var/www/html/sec_C/sec_C.php on line 2933
[18-May-2024 17:08:26 UTC] PHP Warning:  Undefined variable $currentFY in /var/www/html/sec_C/sec_C.php on line 3033
[18-May-2024 17:08:26 UTC] PHP Warning:  Undefined variable $previousFY in /var/www/html/sec_C/sec_C.php on line 3034
[18-May-2024 17:08:26 UTC] PHP Warning:  Undefined variable $currentFY in /var/www/html/sec_C/sec_C.php on line 3153
[18-May-2024 17:08:26 UTC] PHP Warning:  Undefined variable $previousFY in /var/www/html/sec_C/sec_C.php on line 3154
[18-May-2024 17:08:26 UTC] PHP Warning:  Undefined variable $currentFY in /var/www/html/sec_C/sec_C.php on line 3250
[18-May-2024 17:08:26 UTC] PHP Warning:  Undefined variable $previousFY in /var/www/html/sec_C/sec_C.php on line 3251
[18-May-2024 17:08:26 UTC] PHP Warning:  Undefined variable $currentFY in /var/www/html/sec_C/sec_C.php on line 3370
[18-May-2024 17:08:26 UTC] PHP Warning:  Undefined variable $previousFY in /var/www/html/sec_C/sec_C.php on line 3371
[18-May-2024 17:08:26 UTC] PHP Warning:  Undefined variable $currentFY in /var/www/html/sec_C/sec_C.php on line 3673
[18-May-2024 17:08:26 UTC] PHP Warning:  Undefined variable $previousFY in /var/www/html/sec_C/sec_C.php on line 3674
[18-May-2024 17:08:26 UTC] PHP Warning:  Undefined variable $currentFY in /var/www/html/sec_C/sec_C.php on line 3766
[18-May-2024 17:08:26 UTC] PHP Warning:  Undefined variable $previousFY in /var/www/html/sec_C/sec_C.php on line 3767
[18-May-2024 17:08:26 UTC] PHP Warning:  Undefined variable $currentFY in /var/www/html/sec_C/sec_C.php on line 3928
[18-May-2024 17:08:26 UTC] PHP Warning:  Undefined variable $previousFY in /var/www/html/sec_C/sec_C.php on line 3929
[18-May-2024 17:08:26 UTC] PHP Warning:  Undefined variable $currentFY in /var/www/html/sec_C/sec_C.php on line 4124
[18-May-2024 17:08:26 UTC] PHP Warning:  Undefined variable $previousFY in /var/www/html/sec_C/sec_C.php on line 4125
[18-May-2024 17:08:26 UTC] PHP Warning:  Undefined variable $currentFY in /var/www/html/sec_C/sec_C.php on line 4637
[18-May-2024 17:08:26 UTC] PHP Warning:  Undefined variable $previousFY in /var/www/html/sec_C/sec_C.php on line 4638
[18-May-2024 17:08:26 UTC] PHP Warning:  Undefined variable $currentFY in /var/www/html/sec_C/sec_C.php on line 5007
[18-May-2024 17:08:26 UTC] PHP Warning:  Undefined variable $previousFY in /var/www/html/sec_C/sec_C.php on line 5009
[18-May-2024 17:08:31 UTC] PHP Warning:  Undefined variable $currentFY in /var/www/html/sec_C/sec_C.php on line 332
[18-May-2024 17:08:31 UTC] PHP Warning:  Undefined variable $previousFY in /var/www/html/sec_C/sec_C.php on line 333
[18-May-2024 17:08:31 UTC] PHP Warning:  Undefined variable $currentFY in /var/www/html/sec_C/sec_C.php on line 375
[18-May-2024 17:08:31 UTC] PHP Warning:  Undefined variable $previousFY in /var/www/html/sec_C/sec_C.php on line 376
[18-May-2024 17:08:31 UTC] PHP Warning:  Undefined variable $currentFY in /var/www/html/sec_C/sec_C.php on line 539
[18-May-2024 17:08:31 UTC] PHP Warning:  Undefined variable $previousFY in /var/www/html/sec_C/sec_C.php on line 540
[18-May-2024 17:08:31 UTC] PHP Warning:  Undefined variable $currentFY in /var/www/html/sec_C/sec_C.php on line 764
[18-May-2024 17:08:31 UTC] PHP Warning:  Undefined variable $previousFY in /var/www/html/sec_C/sec_C.php on line 765
[18-May-2024 17:08:31 UTC] PHP Warning:  Undefined variable $currentFY in /var/www/html/sec_C/sec_C.php on line 803
[18-May-2024 17:08:31 UTC] PHP Warning:  Undefined variable $previousFY in /var/www/html/sec_C/sec_C.php on line 804
[18-May-2024 17:08:31 UTC] PHP Warning:  Undefined variable $currentFY in /var/www/html/sec_C/sec_C.php on line 1209
[18-May-2024 17:08:31 UTC] PHP Warning:  Undefined variable $previousFY in /var/www/html/sec_C/sec_C.php on line 1210
[18-May-2024 17:08:31 UTC] PHP Warning:  Undefined variable $currentFY in /var/www/html/sec_C/sec_C.php on line 1305
[18-May-2024 17:08:31 UTC] PHP Warning:  Undefined variable $currentFY in /var/www/html/sec_C/sec_C.php on line 1306
[18-May-2024 17:08:31 UTC] PHP Warning:  Undefined variable $currentFY in /var/www/html/sec_C/sec_C.php on line 1394
[18-May-2024 17:08:31 UTC] PHP Warning:  Undefined variable $previousFY in /var/www/html/sec_C/sec_C.php on line 1395
[18-May-2024 17:08:31 UTC] PHP Warning:  Undefined variable $currentFY in /var/www/html/sec_C/sec_C.php on line 1479
[18-May-2024 17:08:31 UTC] PHP Warning:  Undefined variable $previousFY in /var/www/html/sec_C/sec_C.php on line 1480
[18-May-2024 17:08:31 UTC] PHP Warning:  Undefined variable $currentFY in /var/www/html/sec_C/sec_C.php on line 1605
[18-May-2024 17:08:31 UTC] PHP Warning:  Undefined variable $previousFY in /var/www/html/sec_C/sec_C.php on line 1606
[18-May-2024 17:08:31 UTC] PHP Warning:  Undefined variable $currentFY in /var/www/html/sec_C/sec_C.php on line 1744
[18-May-2024 17:08:31 UTC] PHP Warning:  Undefined variable $previousFY in /var/www/html/sec_C/sec_C.php on line 1745
[18-May-2024 17:08:31 UTC] PHP Warning:  Undefined variable $currentFY in /var/www/html/sec_C/sec_C.php on line 1822
[18-May-2024 17:08:31 UTC] PHP Warning:  Undefined variable $previousFY in /var/www/html/sec_C/sec_C.php on line 1823
[18-May-2024 17:08:31 UTC] PHP Warning:  Undefined variable $currentFY in /var/www/html/sec_C/sec_C.php on line 1959
[18-May-2024 17:08:31 UTC] PHP Warning:  Undefined variable $previousFY in /var/www/html/sec_C/sec_C.php on line 1960
[18-May-2024 17:08:31 UTC] PHP Warning:  Undefined variable $currentFY in /var/www/html/sec_C/sec_C.php on line 1961
[18-May-2024 17:08:31 UTC] PHP Warning:  Undefined variable $previousFY in /var/www/html/sec_C/sec_C.php on line 1962
[18-May-2024 17:08:31 UTC] PHP Warning:  Undefined variable $currentFY in /var/www/html/sec_C/sec_C.php on line 2216
[18-May-2024 17:08:31 UTC] PHP Warning:  Undefined variable $previousFY in /var/www/html/sec_C/sec_C.php on line 2217
[18-May-2024 17:08:31 UTC] PHP Warning:  Undefined variable $currentFY in /var/www/html/sec_C/sec_C.php on line 2307
[18-May-2024 17:08:31 UTC] PHP Warning:  Undefined variable $previousFY in /var/www/html/sec_C/sec_C.php on line 2308
[18-May-2024 17:08:31 UTC] PHP Warning:  Undefined variable $currentFY in /var/www/html/sec_C/sec_C.php on line 2608
[18-May-2024 17:08:31 UTC] PHP Warning:  Undefined variable $previousFY in /var/www/html/sec_C/sec_C.php on line 2609
[18-May-2024 17:08:31 UTC] PHP Warning:  Undefined variable $currentFY in /var/www/html/sec_C/sec_C.php on line 2932
[18-May-2024 17:08:31 UTC] PHP Warning:  Undefined variable $previousFY in /var/www/html/sec_C/sec_C.php on line 2933
[18-May-2024 17:08:31 UTC] PHP Warning:  Undefined variable $currentFY in /var/www/html/sec_C/sec_C.php on line 3033
[18-May-2024 17:08:31 UTC] PHP Warning:  Undefined variable $previousFY in /var/www/html/sec_C/sec_C.php on line 3034
[18-May-2024 17:08:31 UTC] PHP Warning:  Undefined variable $currentFY in /var/www/html/sec_C/sec_C.php on line 3153
[18-May-2024 17:08:31 UTC] PHP Warning:  Undefined variable $previousFY in /var/www/html/sec_C/sec_C.php on line 3154
[18-May-2024 17:08:31 UTC] PHP Warning:  Undefined variable $currentFY in /var/www/html/sec_C/sec_C.php on line 3250
[18-May-2024 17:08:31 UTC] PHP Warning:  Undefined variable $previousFY in /var/www/html/sec_C/sec_C.php on line 3251
[18-May-2024 17:08:31 UTC] PHP Warning:  Undefined variable $currentFY in /var/www/html/sec_C/sec_C.php on line 3370
[18-May-2024 17:08:31 UTC] PHP Warning:  Undefined variable $previousFY in /var/www/html/sec_C/sec_C.php on line 3371
[18-May-2024 17:08:31 UTC] PHP Warning:  Undefined variable $currentFY in /var/www/html/sec_C/sec_C.php on line 3673
[18-May-2024 17:08:31 UTC] PHP Warning:  Undefined variable $previousFY in /var/www/html/sec_C/sec_C.php on line 3674
[18-May-2024 17:08:31 UTC] PHP Warning:  Undefined variable $currentFY in /var/www/html/sec_C/sec_C.php on line 3766
[18-May-2024 17:08:31 UTC] PHP Warning:  Undefined variable $previousFY in /var/www/html/sec_C/sec_C.php on line 3767
[18-May-2024 17:08:31 UTC] PHP Warning:  Undefined variable $currentFY in /var/www/html/sec_C/sec_C.php on line 3928
[18-May-2024 17:08:31 UTC] PHP Warning:  Undefined variable $previousFY in /var/www/html/sec_C/sec_C.php on line 3929
[18-May-2024 17:08:31 UTC] PHP Warning:  Undefined variable $currentFY in /var/www/html/sec_C/sec_C.php on line 4124
[18-May-2024 17:08:31 UTC] PHP Warning:  Undefined variable $previousFY in /var/www/html/sec_C/sec_C.php on line 4125
[18-May-2024 17:08:31 UTC] PHP Warning:  Undefined variable $currentFY in /var/www/html/sec_C/sec_C.php on line 4637
[18-May-2024 17:08:31 UTC] PHP Warning:  Undefined variable $previousFY in /var/www/html/sec_C/sec_C.php on line 4638
[18-May-2024 17:08:31 UTC] PHP Warning:  Undefined variable $currentFY in /var/www/html/sec_C/sec_C.php on line 5007
[18-May-2024 17:08:31 UTC] PHP Warning:  Undefined variable $previousFY in /var/www/html/sec_C/sec_C.php on line 5009
[18-May-2024 17:08:39 UTC] PHP Warning:  Undefined variable $currentFY in /var/www/html/sec_C/sec_C.php on line 332
[18-May-2024 17:08:39 UTC] PHP Warning:  Undefined variable $previousFY in /var/www/html/sec_C/sec_C.php on line 333
[18-May-2024 17:08:39 UTC] PHP Warning:  Undefined variable $currentFY in /var/www/html/sec_C/sec_C.php on line 375
[18-May-2024 17:08:39 UTC] PHP Warning:  Undefined variable $previousFY in /var/www/html/sec_C/sec_C.php on line 376
[18-May-2024 17:08:39 UTC] PHP Warning:  Undefined variable $currentFY in /var/www/html/sec_C/sec_C.php on line 539
[18-May-2024 17:08:39 UTC] PHP Warning:  Undefined variable $previousFY in /var/www/html/sec_C/sec_C.php on line 540
[18-May-2024 17:08:39 UTC] PHP Warning:  Undefined variable $currentFY in /var/www/html/sec_C/sec_C.php on line 764
[18-May-2024 17:08:39 UTC] PHP Warning:  Undefined variable $previousFY in /var/www/html/sec_C/sec_C.php on line 765
[18-May-2024 17:08:39 UTC] PHP Warning:  Undefined variable $currentFY in /var/www/html/sec_C/sec_C.php on line 803
[18-May-2024 17:08:39 UTC] PHP Warning:  Undefined variable $previousFY in /var/www/html/sec_C/sec_C.php on line 804
[18-May-2024 17:08:39 UTC] PHP Warning:  Undefined variable $currentFY in /var/www/html/sec_C/sec_C.php on line 1209
[18-May-2024 17:08:39 UTC] PHP Warning:  Undefined variable $previousFY in /var/www/html/sec_C/sec_C.php on line 1210
[18-May-2024 17:08:39 UTC] PHP Warning:  Undefined variable $currentFY in /var/www/html/sec_C/sec_C.php on line 1305
[18-May-2024 17:08:39 UTC] PHP Warning:  Undefined variable $currentFY in /var/www/html/sec_C/sec_C.php on line 1306
[18-May-2024 17:08:39 UTC] PHP Warning:  Undefined variable $currentFY in /var/www/html/sec_C/sec_C.php on line 1394
[18-May-2024 17:08:39 UTC] PHP Warning:  Undefined variable $previousFY in /var/www/html/sec_C/sec_C.php on line 1395
[18-May-2024 17:08:39 UTC] PHP Warning:  Undefined variable $currentFY in /var/www/html/sec_C/sec_C.php on line 1479
[18-May-2024 17:08:39 UTC] PHP Warning:  Undefined variable $previousFY in /var/www/html/sec_C/sec_C.php on line 1480
[18-May-2024 17:08:39 UTC] PHP Warning:  Undefined variable $currentFY in /var/www/html/sec_C/sec_C.php on line 1605
[18-May-2024 17:08:39 UTC] PHP Warning:  Undefined variable $previousFY in /var/www/html/sec_C/sec_C.php on line 1606
[18-May-2024 17:08:39 UTC] PHP Warning:  Undefined variable $currentFY in /var/www/html/sec_C/sec_C.php on line 1744
[18-May-2024 17:08:39 UTC] PHP Warning:  Undefined variable $previousFY in /var/www/html/sec_C/sec_C.php on line 1745
[18-May-2024 17:08:39 UTC] PHP Warning:  Undefined variable $currentFY in /var/www/html/sec_C/sec_C.php on line 1822
[18-May-2024 17:08:39 UTC] PHP Warning:  Undefined variable $previousFY in /var/www/html/sec_C/sec_C.php on line 1823
[18-May-2024 17:08:39 UTC] PHP Warning:  Undefined variable $currentFY in /var/www/html/sec_C/sec_C.php on line 1959
[18-May-2024 17:08:39 UTC] PHP Warning:  Undefined variable $previousFY in /var/www/html/sec_C/sec_C.php on line 1960
[18-May-2024 17:08:39 UTC] PHP Warning:  Undefined variable $currentFY in /var/www/html/sec_C/sec_C.php on line 1961
[18-May-2024 17:08:39 UTC] PHP Warning:  Undefined variable $previousFY in /var/www/html/sec_C/sec_C.php on line 1962
[18-May-2024 17:08:39 UTC] PHP Warning:  Undefined variable $currentFY in /var/www/html/sec_C/sec_C.php on line 2216
[18-May-2024 17:08:39 UTC] PHP Warning:  Undefined variable $previousFY in /var/www/html/sec_C/sec_C.php on line 2217
[18-May-2024 17:08:39 UTC] PHP Warning:  Undefined variable $currentFY in /var/www/html/sec_C/sec_C.php on line 2307
[18-May-2024 17:08:39 UTC] PHP Warning:  Undefined variable $previousFY in /var/www/html/sec_C/sec_C.php on line 2308
[18-May-2024 17:08:39 UTC] PHP Warning:  Undefined variable $currentFY in /var/www/html/sec_C/sec_C.php on line 2608
[18-May-2024 17:08:39 UTC] PHP Warning:  Undefined variable $previousFY in /var/www/html/sec_C/sec_C.php on line 2609
[18-May-2024 17:08:39 UTC] PHP Warning:  Undefined variable $currentFY in /var/www/html/sec_C/sec_C.php on line 2932
[18-May-2024 17:08:39 UTC] PHP Warning:  Undefined variable $previousFY in /var/www/html/sec_C/sec_C.php on line 2933
[18-May-2024 17:08:39 UTC] PHP Warning:  Undefined variable $currentFY in /var/www/html/sec_C/sec_C.php on line 3033
[18-May-2024 17:08:39 UTC] PHP Warning:  Undefined variable $previousFY in /var/www/html/sec_C/sec_C.php on line 3034
[18-May-2024 17:08:39 UTC] PHP Warning:  Undefined variable $currentFY in /var/www/html/sec_C/sec_C.php on line 3153
[18-May-2024 17:08:39 UTC] PHP Warning:  Undefined variable $previousFY in /var/www/html/sec_C/sec_C.php on line 3154
[18-May-2024 17:08:39 UTC] PHP Warning:  Undefined variable $currentFY in /var/www/html/sec_C/sec_C.php on line 3250
[18-May-2024 17:08:39 UTC] PHP Warning:  Undefined variable $previousFY in /var/www/html/sec_C/sec_C.php on line 3251
[18-May-2024 17:08:39 UTC] PHP Warning:  Undefined variable $currentFY in /var/www/html/sec_C/sec_C.php on line 3370
[18-May-2024 17:08:39 UTC] PHP Warning:  Undefined variable $previousFY in /var/www/html/sec_C/sec_C.php on line 3371
[18-May-2024 17:08:39 UTC] PHP Warning:  Undefined variable $currentFY in /var/www/html/sec_C/sec_C.php on line 3673
[18-May-2024 17:08:39 UTC] PHP Warning:  Undefined variable $previousFY in /var/www/html/sec_C/sec_C.php on line 3674
[18-May-2024 17:08:39 UTC] PHP Warning:  Undefined variable $currentFY in /var/www/html/sec_C/sec_C.php on line 3766
[18-May-2024 17:08:39 UTC] PHP Warning:  Undefined variable $previousFY in /var/www/html/sec_C/sec_C.php on line 3767
[18-May-2024 17:08:39 UTC] PHP Warning:  Undefined variable $currentFY in /var/www/html/sec_C/sec_C.php on line 3928
[18-May-2024 17:08:39 UTC] PHP Warning:  Undefined variable $previousFY in /var/www/html/sec_C/sec_C.php on line 3929
[18-May-2024 17:08:39 UTC] PHP Warning:  Undefined variable $currentFY in /var/www/html/sec_C/sec_C.php on line 4124
[18-May-2024 17:08:39 UTC] PHP Warning:  Undefined variable $previousFY in /var/www/html/sec_C/sec_C.php on line 4125
[18-May-2024 17:08:39 UTC] PHP Warning:  Undefined variable $currentFY in /var/www/html/sec_C/sec_C.php on line 4637
[18-May-2024 17:08:39 UTC] PHP Warning:  Undefined variable $previousFY in /var/www/html/sec_C/sec_C.php on line 4638
[18-May-2024 17:08:39 UTC] PHP Warning:  Undefined variable $currentFY in /var/www/html/sec_C/sec_C.php on line 5007
[18-May-2024 17:08:39 UTC] PHP Warning:  Undefined variable $previousFY in /var/www/html/sec_C/sec_C.php on line 5009
[18-May-2024 17:09:33 UTC] PHP Warning:  Undefined array key "p_waterstress_comments" in /var/www/html/sec_C/sec_C_response.php on line 269
[18-May-2024 17:09:33 UTC] PHP Warning:  Undefined array key "waterstressAgency" in /var/www/html/sec_C/sec_C_response.php on line 270
[18-May-2024 17:09:33 UTC] PHP Warning:  Undefined array key "waterstressAgencyName" in /var/www/html/sec_C/sec_C_response.php on line 271
[18-May-2024 17:09:33 UTC] PHP Warning:  Undefined array key "totalscope" in /var/www/html/sec_C/sec_C_response.php on line 273
[18-May-2024 17:09:33 UTC] PHP Fatal error:  Uncaught TypeError: implode(): Argument #1 ($pieces) must be of type array, string given in /var/www/html/sec_C/sec_C_response.php:273
Stack trace:
#0 /var/www/html/sec_C/sec_C_response.php(273): implode()
#1 {main}
  thrown in /var/www/html/sec_C/sec_C_response.php on line 273
[18-May-2024 17:27:16 UTC] PHP Warning:  Undefined variable $currentFY in /var/www/html/sec_C/sec_C.php on line 332
[18-May-2024 17:27:16 UTC] PHP Warning:  Undefined variable $previousFY in /var/www/html/sec_C/sec_C.php on line 333
[18-May-2024 17:27:16 UTC] PHP Warning:  Undefined variable $currentFY in /var/www/html/sec_C/sec_C.php on line 375
[18-May-2024 17:27:16 UTC] PHP Warning:  Undefined variable $previousFY in /var/www/html/sec_C/sec_C.php on line 376
[18-May-2024 17:27:16 UTC] PHP Warning:  Undefined variable $currentFY in /var/www/html/sec_C/sec_C.php on line 539
[18-May-2024 17:27:16 UTC] PHP Warning:  Undefined variable $previousFY in /var/www/html/sec_C/sec_C.php on line 540
[18-May-2024 17:27:16 UTC] PHP Warning:  Undefined variable $currentFY in /var/www/html/sec_C/sec_C.php on line 764
[18-May-2024 17:27:16 UTC] PHP Warning:  Undefined variable $previousFY in /var/www/html/sec_C/sec_C.php on line 765
[18-May-2024 17:27:16 UTC] PHP Warning:  Undefined variable $currentFY in /var/www/html/sec_C/sec_C.php on line 803
[18-May-2024 17:27:16 UTC] PHP Warning:  Undefined variable $previousFY in /var/www/html/sec_C/sec_C.php on line 804
[18-May-2024 17:27:16 UTC] PHP Warning:  Undefined variable $currentFY in /var/www/html/sec_C/sec_C.php on line 1209
[18-May-2024 17:27:16 UTC] PHP Warning:  Undefined variable $previousFY in /var/www/html/sec_C/sec_C.php on line 1210
[18-May-2024 17:27:16 UTC] PHP Warning:  Undefined variable $currentFY in /var/www/html/sec_C/sec_C.php on line 1305
[18-May-2024 17:27:16 UTC] PHP Warning:  Undefined variable $currentFY in /var/www/html/sec_C/sec_C.php on line 1306
[18-May-2024 17:27:16 UTC] PHP Warning:  Undefined variable $currentFY in /var/www/html/sec_C/sec_C.php on line 1394
[18-May-2024 17:27:16 UTC] PHP Warning:  Undefined variable $previousFY in /var/www/html/sec_C/sec_C.php on line 1395
[18-May-2024 17:27:16 UTC] PHP Warning:  Undefined variable $currentFY in /var/www/html/sec_C/sec_C.php on line 1479
[18-May-2024 17:27:16 UTC] PHP Warning:  Undefined variable $previousFY in /var/www/html/sec_C/sec_C.php on line 1480
[18-May-2024 17:27:16 UTC] PHP Warning:  Undefined variable $currentFY in /var/www/html/sec_C/sec_C.php on line 1605
[18-May-2024 17:27:16 UTC] PHP Warning:  Undefined variable $previousFY in /var/www/html/sec_C/sec_C.php on line 1606
[18-May-2024 17:27:16 UTC] PHP Warning:  Undefined variable $currentFY in /var/www/html/sec_C/sec_C.php on line 1744
[18-May-2024 17:27:16 UTC] PHP Warning:  Undefined variable $previousFY in /var/www/html/sec_C/sec_C.php on line 1745
[18-May-2024 17:27:16 UTC] PHP Warning:  Undefined variable $currentFY in /var/www/html/sec_C/sec_C.php on line 1822
[18-May-2024 17:27:16 UTC] PHP Warning:  Undefined variable $previousFY in /var/www/html/sec_C/sec_C.php on line 1823
[18-May-2024 17:27:16 UTC] PHP Warning:  Undefined variable $currentFY in /var/www/html/sec_C/sec_C.php on line 1959
[18-May-2024 17:27:16 UTC] PHP Warning:  Undefined variable $previousFY in /var/www/html/sec_C/sec_C.php on line 1960
[18-May-2024 17:27:16 UTC] PHP Warning:  Undefined variable $currentFY in /var/www/html/sec_C/sec_C.php on line 1961
[18-May-2024 17:27:16 UTC] PHP Warning:  Undefined variable $previousFY in /var/www/html/sec_C/sec_C.php on line 1962
[18-May-2024 17:27:16 UTC] PHP Warning:  Undefined variable $currentFY in /var/www/html/sec_C/sec_C.php on line 2216
[18-May-2024 17:27:16 UTC] PHP Warning:  Undefined variable $previousFY in /var/www/html/sec_C/sec_C.php on line 2217
[18-May-2024 17:27:16 UTC] PHP Warning:  Undefined variable $currentFY in /var/www/html/sec_C/sec_C.php on line 2307
[18-May-2024 17:27:16 UTC] PHP Warning:  Undefined variable $previousFY in /var/www/html/sec_C/sec_C.php on line 2308
[18-May-2024 17:27:16 UTC] PHP Warning:  Undefined variable $currentFY in /var/www/html/sec_C/sec_C.php on line 2608
[18-May-2024 17:27:16 UTC] PHP Warning:  Undefined variable $previousFY in /var/www/html/sec_C/sec_C.php on line 2609
[18-May-2024 17:27:16 UTC] PHP Warning:  Undefined variable $currentFY in /var/www/html/sec_C/sec_C.php on line 2932
[18-May-2024 17:27:16 UTC] PHP Warning:  Undefined variable $previousFY in /var/www/html/sec_C/sec_C.php on line 2933
[18-May-2024 17:27:16 UTC] PHP Warning:  Undefined variable $currentFY in /var/www/html/sec_C/sec_C.php on line 3033
[18-May-2024 17:27:16 UTC] PHP Warning:  Undefined variable $previousFY in /var/www/html/sec_C/sec_C.php on line 3034
[18-May-2024 17:27:16 UTC] PHP Warning:  Undefined variable $currentFY in /var/www/html/sec_C/sec_C.php on line 3153
[18-May-2024 17:27:16 UTC] PHP Warning:  Undefined variable $previousFY in /var/www/html/sec_C/sec_C.php on line 3154
[18-May-2024 17:27:16 UTC] PHP Warning:  Undefined variable $currentFY in /var/www/html/sec_C/sec_C.php on line 3250
[18-May-2024 17:27:16 UTC] PHP Warning:  Undefined variable $previousFY in /var/www/html/sec_C/sec_C.php on line 3251
[18-May-2024 17:27:16 UTC] PHP Warning:  Undefined variable $currentFY in /var/www/html/sec_C/sec_C.php on line 3370
[18-May-2024 17:27:16 UTC] PHP Warning:  Undefined variable $previousFY in /var/www/html/sec_C/sec_C.php on line 3371
[18-May-2024 17:27:16 UTC] PHP Warning:  Undefined variable $currentFY in /var/www/html/sec_C/sec_C.php on line 3673
[18-May-2024 17:27:16 UTC] PHP Warning:  Undefined variable $previousFY in /var/www/html/sec_C/sec_C.php on line 3674
[18-May-2024 17:27:16 UTC] PHP Warning:  Undefined variable $currentFY in /var/www/html/sec_C/sec_C.php on line 3766
[18-May-2024 17:27:16 UTC] PHP Warning:  Undefined variable $previousFY in /var/www/html/sec_C/sec_C.php on line 3767
[18-May-2024 17:27:16 UTC] PHP Warning:  Undefined variable $currentFY in /var/www/html/sec_C/sec_C.php on line 3928
[18-May-2024 17:27:16 UTC] PHP Warning:  Undefined variable $previousFY in /var/www/html/sec_C/sec_C.php on line 3929
[18-May-2024 17:27:16 UTC] PHP Warning:  Undefined variable $currentFY in /var/www/html/sec_C/sec_C.php on line 4124
[18-May-2024 17:27:16 UTC] PHP Warning:  Undefined variable $previousFY in /var/www/html/sec_C/sec_C.php on line 4125
[18-May-2024 17:27:16 UTC] PHP Warning:  Undefined variable $currentFY in /var/www/html/sec_C/sec_C.php on line 4637
[18-May-2024 17:27:16 UTC] PHP Warning:  Undefined variable $previousFY in /var/www/html/sec_C/sec_C.php on line 4638
[18-May-2024 17:27:16 UTC] PHP Warning:  Undefined variable $currentFY in /var/www/html/sec_C/sec_C.php on line 5007
[18-May-2024 17:27:16 UTC] PHP Warning:  Undefined variable $previousFY in /var/www/html/sec_C/sec_C.php on line 5009
[18-May-2024 17:27:16 UTC] PHP Warning:  Undefined variable $currentFY in /var/www/html/sec_C/sec_C.php on line 332
[18-May-2024 17:27:16 UTC] PHP Warning:  Undefined variable $previousFY in /var/www/html/sec_C/sec_C.php on line 333
[18-May-2024 17:27:16 UTC] PHP Warning:  Undefined variable $currentFY in /var/www/html/sec_C/sec_C.php on line 375
[18-May-2024 17:27:16 UTC] PHP Warning:  Undefined variable $previousFY in /var/www/html/sec_C/sec_C.php on line 376
[18-May-2024 17:27:16 UTC] PHP Warning:  Undefined variable $currentFY in /var/www/html/sec_C/sec_C.php on line 539
[18-May-2024 17:27:16 UTC] PHP Warning:  Undefined variable $previousFY in /var/www/html/sec_C/sec_C.php on line 540
[18-May-2024 17:27:16 UTC] PHP Warning:  Undefined variable $currentFY in /var/www/html/sec_C/sec_C.php on line 764
[18-May-2024 17:27:16 UTC] PHP Warning:  Undefined variable $previousFY in /var/www/html/sec_C/sec_C.php on line 765
[18-May-2024 17:27:16 UTC] PHP Warning:  Undefined variable $currentFY in /var/www/html/sec_C/sec_C.php on line 803
[18-May-2024 17:27:16 UTC] PHP Warning:  Undefined variable $previousFY in /var/www/html/sec_C/sec_C.php on line 804
[18-May-2024 17:27:16 UTC] PHP Warning:  Undefined variable $currentFY in /var/www/html/sec_C/sec_C.php on line 1209
[18-May-2024 17:27:16 UTC] PHP Warning:  Undefined variable $previousFY in /var/www/html/sec_C/sec_C.php on line 1210
[18-May-2024 17:27:16 UTC] PHP Warning:  Undefined variable $currentFY in /var/www/html/sec_C/sec_C.php on line 1305
[18-May-2024 17:27:16 UTC] PHP Warning:  Undefined variable $currentFY in /var/www/html/sec_C/sec_C.php on line 1306
[18-May-2024 17:27:16 UTC] PHP Warning:  Undefined variable $currentFY in /var/www/html/sec_C/sec_C.php on line 1394
[18-May-2024 17:27:16 UTC] PHP Warning:  Undefined variable $previousFY in /var/www/html/sec_C/sec_C.php on line 1395
[18-May-2024 17:27:16 UTC] PHP Warning:  Undefined variable $currentFY in /var/www/html/sec_C/sec_C.php on line 1479
[18-May-2024 17:27:16 UTC] PHP Warning:  Undefined variable $previousFY in /var/www/html/sec_C/sec_C.php on line 1480
[18-May-2024 17:27:16 UTC] PHP Warning:  Undefined variable $currentFY in /var/www/html/sec_C/sec_C.php on line 1605
[18-May-2024 17:27:16 UTC] PHP Warning:  Undefined variable $previousFY in /var/www/html/sec_C/sec_C.php on line 1606
[18-May-2024 17:27:16 UTC] PHP Warning:  Undefined variable $currentFY in /var/www/html/sec_C/sec_C.php on line 1744
[18-May-2024 17:27:16 UTC] PHP Warning:  Undefined variable $previousFY in /var/www/html/sec_C/sec_C.php on line 1745
[18-May-2024 17:27:16 UTC] PHP Warning:  Undefined variable $currentFY in /var/www/html/sec_C/sec_C.php on line 1822
[18-May-2024 17:27:16 UTC] PHP Warning:  Undefined variable $previousFY in /var/www/html/sec_C/sec_C.php on line 1823
[18-May-2024 17:27:16 UTC] PHP Warning:  Undefined variable $currentFY in /var/www/html/sec_C/sec_C.php on line 1959
[18-May-2024 17:27:16 UTC] PHP Warning:  Undefined variable $previousFY in /var/www/html/sec_C/sec_C.php on line 1960
[18-May-2024 17:27:16 UTC] PHP Warning:  Undefined variable $currentFY in /var/www/html/sec_C/sec_C.php on line 1961
[18-May-2024 17:27:16 UTC] PHP Warning:  Undefined variable $previousFY in /var/www/html/sec_C/sec_C.php on line 1962
[18-May-2024 17:27:16 UTC] PHP Warning:  Undefined variable $currentFY in /var/www/html/sec_C/sec_C.php on line 2216
[18-May-2024 17:27:16 UTC] PHP Warning:  Undefined variable $previousFY in /var/www/html/sec_C/sec_C.php on line 2217
[18-May-2024 17:27:16 UTC] PHP Warning:  Undefined variable $currentFY in /var/www/html/sec_C/sec_C.php on line 2307
[18-May-2024 17:27:16 UTC] PHP Warning:  Undefined variable $previousFY in /var/www/html/sec_C/sec_C.php on line 2308
[18-May-2024 17:27:16 UTC] PHP Warning:  Undefined variable $currentFY in /var/www/html/sec_C/sec_C.php on line 2608
[18-May-2024 17:27:16 UTC] PHP Warning:  Undefined variable $previousFY in /var/www/html/sec_C/sec_C.php on line 2609
[18-May-2024 17:27:16 UTC] PHP Warning:  Undefined variable $currentFY in /var/www/html/sec_C/sec_C.php on line 2932
[18-May-2024 17:27:16 UTC] PHP Warning:  Undefined variable $previousFY in /var/www/html/sec_C/sec_C.php on line 2933
[18-May-2024 17:27:16 UTC] PHP Warning:  Undefined variable $currentFY in /var/www/html/sec_C/sec_C.php on line 3033
[18-May-2024 17:27:16 UTC] PHP Warning:  Undefined variable $previousFY in /var/www/html/sec_C/sec_C.php on line 3034
[18-May-2024 17:27:16 UTC] PHP Warning:  Undefined variable $currentFY in /var/www/html/sec_C/sec_C.php on line 3153
[18-May-2024 17:27:16 UTC] PHP Warning:  Undefined variable $previousFY in /var/www/html/sec_C/sec_C.php on line 3154
[18-May-2024 17:27:16 UTC] PHP Warning:  Undefined variable $currentFY in /var/www/html/sec_C/sec_C.php on line 3250
[18-May-2024 17:27:16 UTC] PHP Warning:  Undefined variable $previousFY in /var/www/html/sec_C/sec_C.php on line 3251
[18-May-2024 17:27:16 UTC] PHP Warning:  Undefined variable $currentFY in /var/www/html/sec_C/sec_C.php on line 3370
[18-May-2024 17:27:16 UTC] PHP Warning:  Undefined variable $previousFY in /var/www/html/sec_C/sec_C.php on line 3371
[18-May-2024 17:27:16 UTC] PHP Warning:  Undefined variable $currentFY in /var/www/html/sec_C/sec_C.php on line 3673
[18-May-2024 17:27:16 UTC] PHP Warning:  Undefined variable $previousFY in /var/www/html/sec_C/sec_C.php on line 3674
[18-May-2024 17:27:16 UTC] PHP Warning:  Undefined variable $currentFY in /var/www/html/sec_C/sec_C.php on line 3766
[18-May-2024 17:27:16 UTC] PHP Warning:  Undefined variable $previousFY in /var/www/html/sec_C/sec_C.php on line 3767
[18-May-2024 17:27:16 UTC] PHP Warning:  Undefined variable $currentFY in /var/www/html/sec_C/sec_C.php on line 3928
[18-May-2024 17:27:16 UTC] PHP Warning:  Undefined variable $previousFY in /var/www/html/sec_C/sec_C.php on line 3929
[18-May-2024 17:27:16 UTC] PHP Warning:  Undefined variable $currentFY in /var/www/html/sec_C/sec_C.php on line 4124
[18-May-2024 17:27:16 UTC] PHP Warning:  Undefined variable $previousFY in /var/www/html/sec_C/sec_C.php on line 4125
[18-May-2024 17:27:16 UTC] PHP Warning:  Undefined variable $currentFY in /var/www/html/sec_C/sec_C.php on line 4637
[18-May-2024 17:27:16 UTC] PHP Warning:  Undefined variable $previousFY in /var/www/html/sec_C/sec_C.php on line 4638
[18-May-2024 17:27:16 UTC] PHP Warning:  Undefined variable $currentFY in /var/www/html/sec_C/sec_C.php on line 5007
[18-May-2024 17:27:16 UTC] PHP Warning:  Undefined variable $previousFY in /var/www/html/sec_C/sec_C.php on line 5009
[18-May-2024 17:32:54 UTC] PHP Warning:  Undefined variable $currentFY in /var/www/html/sec_C/sec_C.php on line 332
[18-May-2024 17:32:54 UTC] PHP Warning:  Undefined variable $previousFY in /var/www/html/sec_C/sec_C.php on line 333
[18-May-2024 17:32:54 UTC] PHP Warning:  Undefined variable $currentFY in /var/www/html/sec_C/sec_C.php on line 375
[18-May-2024 17:32:54 UTC] PHP Warning:  Undefined variable $previousFY in /var/www/html/sec_C/sec_C.php on line 376
[18-May-2024 17:32:54 UTC] PHP Warning:  Undefined variable $currentFY in /var/www/html/sec_C/sec_C.php on line 539
[18-May-2024 17:32:54 UTC] PHP Warning:  Undefined variable $previousFY in /var/www/html/sec_C/sec_C.php on line 540
[18-May-2024 17:32:54 UTC] PHP Warning:  Undefined variable $currentFY in /var/www/html/sec_C/sec_C.php on line 764
[18-May-2024 17:32:54 UTC] PHP Warning:  Undefined variable $previousFY in /var/www/html/sec_C/sec_C.php on line 765
[18-May-2024 17:32:54 UTC] PHP Warning:  Undefined variable $currentFY in /var/www/html/sec_C/sec_C.php on line 803
[18-May-2024 17:32:54 UTC] PHP Warning:  Undefined variable $previousFY in /var/www/html/sec_C/sec_C.php on line 804
[18-May-2024 17:32:54 UTC] PHP Warning:  Undefined variable $currentFY in /var/www/html/sec_C/sec_C.php on line 1209
[18-May-2024 17:32:54 UTC] PHP Warning:  Undefined variable $previousFY in /var/www/html/sec_C/sec_C.php on line 1210
[18-May-2024 17:32:54 UTC] PHP Warning:  Undefined variable $currentFY in /var/www/html/sec_C/sec_C.php on line 1305
[18-May-2024 17:32:54 UTC] PHP Warning:  Undefined variable $currentFY in /var/www/html/sec_C/sec_C.php on line 1306
[18-May-2024 17:32:54 UTC] PHP Warning:  Undefined variable $currentFY in /var/www/html/sec_C/sec_C.php on line 1394
[18-May-2024 17:32:54 UTC] PHP Warning:  Undefined variable $previousFY in /var/www/html/sec_C/sec_C.php on line 1395
[18-May-2024 17:32:54 UTC] PHP Warning:  Undefined variable $currentFY in /var/www/html/sec_C/sec_C.php on line 1479
[18-May-2024 17:32:54 UTC] PHP Warning:  Undefined variable $previousFY in /var/www/html/sec_C/sec_C.php on line 1480
[18-May-2024 17:32:54 UTC] PHP Warning:  Undefined variable $currentFY in /var/www/html/sec_C/sec_C.php on line 1605
[18-May-2024 17:32:54 UTC] PHP Warning:  Undefined variable $previousFY in /var/www/html/sec_C/sec_C.php on line 1606
[18-May-2024 17:32:54 UTC] PHP Warning:  Undefined variable $currentFY in /var/www/html/sec_C/sec_C.php on line 1744
[18-May-2024 17:32:54 UTC] PHP Warning:  Undefined variable $previousFY in /var/www/html/sec_C/sec_C.php on line 1745
[18-May-2024 17:32:54 UTC] PHP Warning:  Undefined variable $currentFY in /var/www/html/sec_C/sec_C.php on line 1822
[18-May-2024 17:32:54 UTC] PHP Warning:  Undefined variable $previousFY in /var/www/html/sec_C/sec_C.php on line 1823
[18-May-2024 17:32:54 UTC] PHP Warning:  Undefined variable $currentFY in /var/www/html/sec_C/sec_C.php on line 1959
[18-May-2024 17:32:54 UTC] PHP Warning:  Undefined variable $previousFY in /var/www/html/sec_C/sec_C.php on line 1960
[18-May-2024 17:32:54 UTC] PHP Warning:  Undefined variable $currentFY in /var/www/html/sec_C/sec_C.php on line 1961
[18-May-2024 17:32:54 UTC] PHP Warning:  Undefined variable $previousFY in /var/www/html/sec_C/sec_C.php on line 1962
[18-May-2024 17:32:54 UTC] PHP Warning:  Undefined variable $currentFY in /var/www/html/sec_C/sec_C.php on line 2216
[18-May-2024 17:32:54 UTC] PHP Warning:  Undefined variable $previousFY in /var/www/html/sec_C/sec_C.php on line 2217
[18-May-2024 17:32:54 UTC] PHP Warning:  Undefined variable $currentFY in /var/www/html/sec_C/sec_C.php on line 2307
[18-May-2024 17:32:54 UTC] PHP Warning:  Undefined variable $previousFY in /var/www/html/sec_C/sec_C.php on line 2308
[18-May-2024 17:32:54 UTC] PHP Warning:  Undefined variable $currentFY in /var/www/html/sec_C/sec_C.php on line 2608
[18-May-2024 17:32:54 UTC] PHP Warning:  Undefined variable $previousFY in /var/www/html/sec_C/sec_C.php on line 2609
[18-May-2024 17:32:54 UTC] PHP Warning:  Undefined variable $currentFY in /var/www/html/sec_C/sec_C.php on line 2932
[18-May-2024 17:32:54 UTC] PHP Warning:  Undefined variable $previousFY in /var/www/html/sec_C/sec_C.php on line 2933
[18-May-2024 17:32:54 UTC] PHP Warning:  Undefined variable $currentFY in /var/www/html/sec_C/sec_C.php on line 3033
[18-May-2024 17:32:54 UTC] PHP Warning:  Undefined variable $previousFY in /var/www/html/sec_C/sec_C.php on line 3034
[18-May-2024 17:32:54 UTC] PHP Warning:  Undefined variable $currentFY in /var/www/html/sec_C/sec_C.php on line 3153
[18-May-2024 17:32:54 UTC] PHP Warning:  Undefined variable $previousFY in /var/www/html/sec_C/sec_C.php on line 3154
[18-May-2024 17:32:54 UTC] PHP Warning:  Undefined variable $currentFY in /var/www/html/sec_C/sec_C.php on line 3250
[18-May-2024 17:32:54 UTC] PHP Warning:  Undefined variable $previousFY in /var/www/html/sec_C/sec_C.php on line 3251
[18-May-2024 17:32:54 UTC] PHP Warning:  Undefined variable $currentFY in /var/www/html/sec_C/sec_C.php on line 3370
[18-May-2024 17:32:54 UTC] PHP Warning:  Undefined variable $previousFY in /var/www/html/sec_C/sec_C.php on line 3371
[18-May-2024 17:32:54 UTC] PHP Warning:  Undefined variable $currentFY in /var/www/html/sec_C/sec_C.php on line 3673
[18-May-2024 17:32:54 UTC] PHP Warning:  Undefined variable $previousFY in /var/www/html/sec_C/sec_C.php on line 3674
[18-May-2024 17:32:54 UTC] PHP Warning:  Undefined variable $currentFY in /var/www/html/sec_C/sec_C.php on line 3766
[18-May-2024 17:32:54 UTC] PHP Warning:  Undefined variable $previousFY in /var/www/html/sec_C/sec_C.php on line 3767
[18-May-2024 17:32:54 UTC] PHP Warning:  Undefined variable $currentFY in /var/www/html/sec_C/sec_C.php on line 3928
[18-May-2024 17:32:54 UTC] PHP Warning:  Undefined variable $previousFY in /var/www/html/sec_C/sec_C.php on line 3929
[18-May-2024 17:32:54 UTC] PHP Warning:  Undefined variable $currentFY in /var/www/html/sec_C/sec_C.php on line 4124
[18-May-2024 17:32:54 UTC] PHP Warning:  Undefined variable $previousFY in /var/www/html/sec_C/sec_C.php on line 4125
[18-May-2024 17:32:54 UTC] PHP Warning:  Undefined variable $currentFY in /var/www/html/sec_C/sec_C.php on line 4637
[18-May-2024 17:32:54 UTC] PHP Warning:  Undefined variable $previousFY in /var/www/html/sec_C/sec_C.php on line 4638
[18-May-2024 17:32:54 UTC] PHP Warning:  Undefined variable $currentFY in /var/www/html/sec_C/sec_C.php on line 5007
[18-May-2024 17:32:54 UTC] PHP Warning:  Undefined variable $previousFY in /var/www/html/sec_C/sec_C.php on line 5009
[18-May-2024 17:33:39 UTC] PHP Warning:  Undefined array key "p_waterstress_comments" in /var/www/html/sec_C/sec_C_response.php on line 269
[18-May-2024 17:33:39 UTC] PHP Warning:  Undefined array key "waterstressAgency" in /var/www/html/sec_C/sec_C_response.php on line 270
[18-May-2024 17:33:39 UTC] PHP Warning:  Undefined array key "waterstressAgencyName" in /var/www/html/sec_C/sec_C_response.php on line 271
[18-May-2024 17:33:39 UTC] PHP Warning:  Undefined array key "totalscope" in /var/www/html/sec_C/sec_C_response.php on line 273
[18-May-2024 17:33:39 UTC] PHP Fatal error:  Uncaught TypeError: implode(): Argument #1 ($pieces) must be of type array, string given in /var/www/html/sec_C/sec_C_response.php:273
Stack trace:
#0 /var/www/html/sec_C/sec_C_response.php(273): implode()
#1 {main}
  thrown in /var/www/html/sec_C/sec_C_response.php on line 273
